#
# There is insufficient memory for the Java Runtime Environment to continue.
# Native memory allocation (mmap) failed to map 132120576 bytes. Error detail: G1 virtual space
# Possible reasons:
#   The system is out of physical RAM or swap space
#   This process is running with CompressedOops enabled, and the Java Heap may be blocking the growth of the native heap
# Possible solutions:
#   Reduce memory load on the system
#   Increase physical memory or swap space
#   Check if swap backing store is full
#   Decrease Java heap size (-Xmx/-Xms)
#   Decrease number of Java threads
#   Decrease Java thread stack sizes (-Xss)
#   Set larger code cache with -XX:ReservedCodeCacheSize=
#   JVM is running with Unscaled Compressed Oops mode in which the Java heap is
#     placed in the first 4GB address space. The Java Heap base address is the
#     maximum limit for the native heap growth. Please use -XX:HeapBaseMinAddress
#     to set the Java Heap base and to place the Java Heap above 4GB virtual address.
# This output file may be truncated or incomplete.
#
#  Out of Memory Error (os_windows.cpp:3828), pid=6116, tid=19680
#
# JRE version:  (21.0.4) (build )
# Java VM: OpenJDK 64-Bit Server VM (21.0.4+-12508038-b607.1, mixed mode, sharing, tiered, compressed oops, compressed class ptrs, g1 gc, windows-amd64)
# No core dump will be written. Minidumps are not enabled by default on client versions of Windows
#

---------------  S U M M A R Y ------------

Command Line: org.jetbrains.kotlin.cli.jvm.K2JVMCompiler @D:\PlannerWedding\app\build\20250213_14579461199724306534.compiler.options

Host: 11th Gen Intel(R) Core(TM) i5-1155G7 @ 2.50GHz, 8 cores, 7G,  Windows 11 , 64 bit Build 22621 (10.0.22621.4391)
Time: Thu Feb 13 13:57:36 2025 Malay Peninsula Standard Time elapsed time: 0.015827 seconds (0d 0h 0m 0s)

---------------  T H R E A D  ---------------

Current thread (0x0000021b70f2bed0):  JavaThread "Unknown thread" [_thread_in_vm, id=19680, stack(0x0000003a34a00000,0x0000003a34b00000) (1024K)]

Stack: [0x0000003a34a00000,0x0000003a34b00000]
Native frames: (J=compiled Java code, j=interpreted, Vv=VM code, C=native code)
V  [jvm.dll+0x6ce539]
V  [jvm.dll+0x85bf03]
V  [jvm.dll+0x85e45e]
V  [jvm.dll+0x85eb43]
V  [jvm.dll+0x27dd06]
V  [jvm.dll+0x6cada5]
V  [jvm.dll+0x6bf27a]
V  [jvm.dll+0x3541fb]
V  [jvm.dll+0x35be36]
V  [jvm.dll+0x3adbc6]
V  [jvm.dll+0x3ade98]
V  [jvm.dll+0x32691c]
V  [jvm.dll+0x32760b]
V  [jvm.dll+0x823959]
V  [jvm.dll+0x3bacf8]
V  [jvm.dll+0x80cd58]
V  [jvm.dll+0x44ef2e]
V  [jvm.dll+0x450691]
C  [jli.dll+0x52ab]
C  [ucrtbase.dll+0x29333]
C  [KERNEL32.DLL+0x1259d]
C  [ntdll.dll+0x5af38]


---------------  P R O C E S S  ---------------

Threads class SMR info:
_java_thread_list=0x00007fffd440a808, length=0, elements={
}

Java Threads: ( => current thread )
Total: 0

Other Threads:
  0x0000021b731eda60 WorkerThread "GC Thread#0"                     [id=19744, stack(0x0000003a34b00000,0x0000003a34c00000) (1024K)]
  0x0000021b731fe4f0 ConcurrentGCThread "G1 Main Marker"            [id=9124, stack(0x0000003a34c00000,0x0000003a34d00000) (1024K)]
  0x0000021b731ff800 WorkerThread "G1 Conc#0"                       [id=17284, stack(0x0000003a34d00000,0x0000003a34e00000) (1024K)]

[error occurred during error reporting (printing all threads), id 0xc0000005, EXCEPTION_ACCESS_VIOLATION (0xc0000005) at pc=0x00007fffd3c09957]
VM state: not at safepoint (not fully initialized)

VM Mutex/Monitor currently owned by a thread:  ([mutex/lock_event])
[0x00007fffd44773f8] Heap_lock - owner thread: 0x0000021b70f2bed0

Heap address: 0x0000000083600000, size: 1994 MB, Compressed Oops mode: 32-bit

CDS archive(s) mapped at: [0x0000000000000000-0x0000000000000000-0x0000000000000000), size 0, SharedBaseAddress: 0x0000000800000000, ArchiveRelocationMode: 1.
Narrow klass base: 0x0000000000000000, Narrow klass shift: 0, Narrow klass range: 0x0

GC Precious Log:
 CardTable entry size: 512
 Card Set container configuration: InlinePtr #cards 5 size 8 Array Of Cards #cards 12 size 40 Howl #buckets 4 coarsen threshold 1843 Howl Bitmap #cards 512 size 80 coarsen threshold 460 Card regions per heap region 1 cards per card region 2048

Heap:
 garbage-first heap   total 0K, used 0K [0x0000000083600000, 0x0000000100000000)
  region size 1024K, 0 young (0K), 0 survivors (0K)
 Metaspace       used 0K, committed 0K, reserved 0K
  class space    used 0K, committed 0K, reserved 0K

Heap Regions: E=young(eden), S=young(survivor), O=old, HS=humongous(starts), HC=humongous(continues), CS=collection set, F=free, TAMS=top-at-mark-start, PB=parsable bottom

Card table byte_map: [0x0000021b76a00000,0x0000021b76df0000] _byte_map_base: 0x0000021b765e5000

Marking Bits: (CMBitMap*) 0x0000021b731ee160
 Bits: [0x0000021b76df0000, 0x0000021b78d18000)

GC Heap History (0 events):
No events

Dll operation events (1 events):
Event: 0.009 Loaded shared library C:\Program Files\Android\Android Studio\jbr\bin\java.dll

Deoptimization events (0 events):
No events

Classes loaded (0 events):
No events

Classes unloaded (0 events):
No events

Classes redefined (0 events):
No events

Internal exceptions (0 events):
No events

ZGC Phase Switch (0 events):
No events

VM Operations (0 events):
No events

Memory protections (0 events):
No events

Nmethod flushes (0 events):
No events

Events (0 events):
No events


Dynamic libraries:
0x00007ff7212b0000 - 0x00007ff7212ba000 	C:\Program Files\Android\Android Studio\jbr\bin\java.exe
0x00007ff872250000 - 0x00007ff872467000 	C:\Windows\SYSTEM32\ntdll.dll
0x00007ff870f00000 - 0x00007ff870fc4000 	C:\Windows\System32\KERNEL32.DLL
0x00007ff86fa60000 - 0x00007ff86fe1a000 	C:\Windows\System32\KERNELBASE.dll
0x00007ff86fe20000 - 0x00007ff86ff31000 	C:\Windows\System32\ucrtbase.dll
0x00007ff85daa0000 - 0x00007ff85dab8000 	C:\Program Files\Android\Android Studio\jbr\bin\jli.dll
0x00007ff85f7a0000 - 0x00007ff85f7bb000 	C:\Program Files\Android\Android Studio\jbr\bin\VCRUNTIME140.dll
0x00007ff8703f0000 - 0x00007ff87059e000 	C:\Windows\System32\USER32.dll
0x00007ff853400000 - 0x00007ff853692000 	C:\Windows\WinSxS\amd64_microsoft.windows.common-controls_6595b64144ccf1df_6.0.22621.4541_none_2710d1c57384c085\COMCTL32.dll
0x00007ff86f8c0000 - 0x00007ff86f8e6000 	C:\Windows\System32\win32u.dll
0x00007ff871df0000 - 0x00007ff871e97000 	C:\Windows\System32\msvcrt.dll
0x00007ff8702c0000 - 0x00007ff8702e9000 	C:\Windows\System32\GDI32.dll
0x00007ff86f650000 - 0x00007ff86f76b000 	C:\Windows\System32\gdi32full.dll
0x00007ff86f770000 - 0x00007ff86f80a000 	C:\Windows\System32\msvcp_win.dll
0x00007ff870fd0000 - 0x00007ff871001000 	C:\Windows\System32\IMM32.DLL
0x00007ff85f9f0000 - 0x00007ff85f9fc000 	C:\Program Files\Android\Android Studio\jbr\bin\vcruntime140_1.dll
0x00007ff833ea0000 - 0x00007ff833f2d000 	C:\Program Files\Android\Android Studio\jbr\bin\msvcp140.dll
0x00007fffd38d0000 - 0x00007fffd4553000 	C:\Program Files\Android\Android Studio\jbr\bin\server\jvm.dll
0x00007ff8720c0000 - 0x00007ff872172000 	C:\Windows\System32\ADVAPI32.dll
0x00007ff872000000 - 0x00007ff8720a7000 	C:\Windows\System32\sechost.dll
0x00007ff86f890000 - 0x00007ff86f8b8000 	C:\Windows\System32\bcrypt.dll
0x00007ff870de0000 - 0x00007ff870ef4000 	C:\Windows\System32\RPCRT4.dll
0x00007ff8700b0000 - 0x00007ff870121000 	C:\Windows\System32\WS2_32.dll
0x00007ff86e3a0000 - 0x00007ff86e3ed000 	C:\Windows\SYSTEM32\POWRPROF.dll
0x00007ff869a00000 - 0x00007ff869a34000 	C:\Windows\SYSTEM32\WINMM.dll
0x00007ff866780000 - 0x00007ff86678a000 	C:\Windows\SYSTEM32\VERSION.dll
0x00007ff86e350000 - 0x00007ff86e363000 	C:\Windows\SYSTEM32\UMPDC.dll
0x00007ff86e610000 - 0x00007ff86e628000 	C:\Windows\SYSTEM32\kernel.appcore.dll
0x00007ff85f9d0000 - 0x00007ff85f9da000 	C:\Program Files\Android\Android Studio\jbr\bin\jimage.dll
0x00007ff86cbc0000 - 0x00007ff86cdf2000 	C:\Windows\SYSTEM32\DBGHELP.DLL
0x00007ff871890000 - 0x00007ff871c21000 	C:\Windows\System32\combase.dll
0x00007ff870130000 - 0x00007ff870207000 	C:\Windows\System32\OLEAUT32.dll
0x00007ff83bd20000 - 0x00007ff83bd52000 	C:\Windows\SYSTEM32\dbgcore.DLL
0x00007ff86f510000 - 0x00007ff86f58b000 	C:\Windows\System32\bcryptPrimitives.dll
0x00007ff85f440000 - 0x00007ff85f460000 	C:\Program Files\Android\Android Studio\jbr\bin\java.dll

dbghelp: loaded successfully - version: 4.0.5 - missing functions: none
symbol engine: initialized successfully - sym options: 0x614 - pdb path: .;C:\Program Files\Android\Android Studio\jbr\bin;C:\Windows\SYSTEM32;C:\Windows\WinSxS\amd64_microsoft.windows.common-controls_6595b64144ccf1df_6.0.22621.4541_none_2710d1c57384c085;C:\Program Files\Android\Android Studio\jbr\bin\server

VM Arguments:
java_command: org.jetbrains.kotlin.cli.jvm.K2JVMCompiler @D:\PlannerWedding\app\build\20250213_14579461199724306534.compiler.options
java_class_path (initial): C:\Users\reale\.gradle\caches\modules-2\files-2.1\org.jetbrains.kotlin\kotlin-compiler-embeddable\1.9.24\78dab849090e6c5e2eadb6e59a11cdc28fb67a08\kotlin-compiler-embeddable-1.9.24.jar;C:\Users\reale\.gradle\caches\modules-2\files-2.1\org.jetbrains.kotlin\kotlin-stdlib\1.9.24\9928532f12c66ad816a625b3f9984f8368ca6d2b\kotlin-stdlib-1.9.24.jar;C:\Users\reale\.gradle\caches\modules-2\files-2.1\org.jetbrains.kotlin\kotlin-script-runtime\1.9.24\96771497da90fbc5af1c90fce148db2595a62502\kotlin-script-runtime-1.9.24.jar;C:\Users\reale\.gradle\caches\modules-2\files-2.1\org.jetbrains.kotlin\kotlin-reflect\1.6.10\1cbe9c92c12a94eea200d23c2bbaedaf3daf5132\kotlin-reflect-1.6.10.jar;C:\Users\reale\.gradle\caches\modules-2\files-2.1\org.jetbrains.kotlin\kotlin-daemon-embeddable\1.9.24\86685b9c5e8d170925bd9ddbdc263374a6a73281\kotlin-daemon-embeddable-1.9.24.jar;C:\Users\reale\.gradle\caches\modules-2\files-2.1\org.jetbrains.intellij.deps\trove4j\1.0.20200330\3afb14d5f9ceb459d724e907a21145e8ff394f02\trove4j-1.0.20200330.jar;C:\Users\reale\.gradle\caches\modules-2\files-2.1\org.jetbrains\annotations\13.0\919f0dfe192fb4e063e7dacadee7f8bb9a2672a9\annotations-13.0.jar
Launcher Type: SUN_STANDARD

[Global flags]
     intx CICompilerCount                          = 4                                         {product} {ergonomic}
     uint ConcGCThreads                            = 2                                         {product} {ergonomic}
     uint G1ConcRefinementThreads                  = 8                                         {product} {ergonomic}
   size_t G1HeapRegionSize                         = 1048576                                   {product} {ergonomic}
    uintx GCDrainStackTargetSize                   = 64                                        {product} {ergonomic}
   size_t InitialHeapSize                          = 132120576                                 {product} {ergonomic}
   size_t MarkStackSize                            = 4194304                                   {product} {ergonomic}
   size_t MaxHeapSize                              = 2090860544                                {product} {ergonomic}
   size_t MinHeapDeltaBytes                        = 1048576                                   {product} {ergonomic}
   size_t MinHeapSize                              = 8388608                                   {product} {ergonomic}
    uintx NonNMethodCodeHeapSize                   = 5839372                                {pd product} {ergonomic}
    uintx NonProfiledCodeHeapSize                  = 122909434                              {pd product} {ergonomic}
    uintx ProfiledCodeHeapSize                     = 122909434                              {pd product} {ergonomic}
    uintx ReservedCodeCacheSize                    = 251658240                              {pd product} {ergonomic}
     bool SegmentedCodeCache                       = true                                      {product} {ergonomic}
   size_t SoftMaxHeapSize                          = 2090860544                             {manageable} {ergonomic}
     bool UseCompressedOops                        = true                           {product lp64_product} {ergonomic}
     bool UseG1GC                                  = true                                      {product} {ergonomic}
     bool UseLargePagesIndividualAllocation        = false                                  {pd product} {ergonomic}

Logging:
Log output configuration:
 #0: stdout all=warning uptime,level,tags foldmultilines=false
 #1: stderr all=off uptime,level,tags foldmultilines=false

Environment Variables:
PATH=C:\Python313\Scripts\;C:\Python313\;C:\Windows\System32\HWAudioDriverLibs;C:\Windows\system32;C:\Windows;C:\Windows\System32\Wbem;C:\Windows\System32\WindowsPowerShell\v1.0\;C:\Windows\System32\OpenSSH\;C:\Users\Administrator\AppData\Local\Microsoft\WindowsApps;;C:\Windows\system32;C:\Windows;C:\Windows\System32\Wbem;C:\Windows\System32\WindowsPowerShell\v1.0\;C:\Windows\System32\OpenSSH\;C:\Program Files\nodejs\;C:\ProgramData\chocolatey\bin;C:\Users\reale\AppData\Local\Microsoft\WindowsApps;C:\Users\reale\AppData\Local\Programs\Microsoft VS Code\bin;C:\Users\reale\AppData\Roaming\npm
USERNAME=reale
OS=Windows_NT
PROCESSOR_IDENTIFIER=Intel64 Family 6 Model 140 Stepping 2, GenuineIntel
TMP=C:\Users\reale\AppData\Local\Temp
TEMP=C:\Users\reale\AppData\Local\Temp




Periodic native trim disabled

JNI global refs:
JNI global refs: 0, weak refs: 0

JNI global refs memory usage: 0, weak refs: 0

Process memory usage:
Resident Set Size: 11676K (0% of 8166712K total physical memory with 391968K free physical memory)

OOME stack traces (most recent first):
Classloader memory used:

---------------  S Y S T E M  ---------------

OS:
 Windows 11 , 64 bit Build 22621 (10.0.22621.4391)
OS uptime: 0 days 14:40 hours
Hyper-V role detected

CPU: total 8 (initial active 8) (4 cores per cpu, 2 threads per core) family 6 model 140 stepping 2 microcode 0x16, cx8, cmov, fxsr, ht, mmx, 3dnowpref, sse, sse2, sse3, ssse3, sse4.1, sse4.2, popcnt, lzcnt, tsc, tscinvbit, avx, avx2, aes, erms, clmul, bmi1, bmi2, adx, avx512f, avx512dq, avx512cd, avx512bw, avx512vl, sha, fma, vzeroupper, avx512_vpopcntdq, avx512_vpclmulqdq, avx512_vaes, avx512_vnni, clflush, clflushopt, clwb, avx512_vbmi2, avx512_vbmi, hv, rdtscp, rdpid, fsrm, gfni, avx512_bitalg, f16c, cet_ibt, cet_ss, avx512_ifma
Processor Information for all 8 processors :
  Max Mhz: 2496, Current Mhz: 2496, Mhz Limit: 2496

Memory: 4k page, system-wide physical 7975M (382M free)
TotalPageFile size 23335M (AvailPageFile size 65M)
current process WorkingSet (physical memory assigned to process): 11M, peak: 11M
current process commit charge ("private bytes"): 60M, peak: 186M

vm_info: OpenJDK 64-Bit Server VM (21.0.4+-12508038-b607.1) for windows-amd64 JRE (21.0.4+-12508038-b607.1), built on 2024-10-16T17:23:34Z by "builder" with MS VC++ 16.10 / 16.11 (VS2019)

END.
